
Showing logs for build [32mfaheemjmi-environment-demoeks-p-nvhml-1[0m stage [32mfrom-build-pack[0m and container [32mstep-credential-initializer-cbsgx[0m
{"level":"info","ts":1589959841.2152731,"logger":"fallback-logger","caller":"logging/config.go:69","msg":"Fetch GitHub commit ID from kodata failed: open /var/run/ko/refs/heads/0.8.0-ns-support: no such file or directory"}
{"level":"info","ts":1589959841.2155707,"logger":"fallback-logger","caller":"creds-init/main.go:40","msg":"Credentials initialized."}

Showing logs for build [32mfaheemjmi-environment-demoeks-p-nvhml-1[0m stage [32mfrom-build-pack[0m and container [32mstep-working-dir-initializer-b4dsj[0m
{"level":"info","ts":1589959842.4637246,"logger":"fallback-logger","caller":"logging/config.go:69","msg":"Fetch GitHub commit ID from kodata failed: open /var/run/ko/HEAD: no such file or directory"}
{"level":"info","ts":1589959842.464383,"logger":"fallback-logger","caller":"bash/main.go:64","msg":"Successfully executed command \"sh -c mkdir -p /workspace/source\"; output "}

Showing logs for build [32mfaheemjmi-environment-demoeks-p-nvhml-1[0m stage [32mfrom-build-pack[0m and container [32mstep-place-tools[0m

Showing logs for build [32mfaheemjmi-environment-demoeks-p-nvhml-1[0m stage [32mfrom-build-pack[0m and container [32mstep-git-source-faheemjmi-environment-demoeks-p-nvhml-hlcsc[0m
{"level":"info","ts":1589959846.492053,"logger":"fallback-logger","caller":"logging/config.go:69","msg":"Fetch GitHub commit ID from kodata failed: open /var/run/ko/refs/heads/0.8.0-ns-support: no such file or directory"}
{"level":"info","ts":1589959847.286443,"logger":"fallback-logger","caller":"git/git.go:103","msg":"Successfully cloned https://github.com/*********/environment-demoeks-production.git @ master in path /workspace/source"}

Showing logs for build [32mfaheemjmi-environment-demoeks-p-nvhml-1[0m stage [32mfrom-build-pack[0m and container [32mstep-git-merge[0m
Using SHAs from PULL_REFS=master:8846c66a56e695693ff43645521014e00c37b2cd,1:2ab756b3d780294d02af237c4cae2193a5e41e64
DEBUG: LC_ALL=C JX_LOG_LEVEL=error git fetch origin --unshallow 2ab756b3d780294d02af237c4cae2193a5e41e64: 8846c66a56e695693ff43645521014e00c37b2cd:
DEBUG: ran git fetch --unshallow origin 2ab756b3d780294d02af237c4cae2193a5e41e64: 8846c66a56e695693ff43645521014e00c37b2cd: in 
DEBUG: LC_ALL=C JX_LOG_LEVEL=error git branch
DEBUG: LC_ALL=C JX_LOG_LEVEL=error git checkout master
DEBUG: ran git checkout master in 
DEBUG: LC_ALL=C JX_LOG_LEVEL=error git reset --hard 8846c66a56e695693ff43645521014e00c37b2cd
DEBUG: ran git reset --hard 8846c66a56e695693ff43645521014e00c37b2cd in 
DEBUG: LC_ALL=C JX_LOG_LEVEL=error git clean -fd .
DEBUG: ran clean --force -d . in 
DEBUG: LC_ALL=C JX_LOG_LEVEL=error git merge 2ab756b3d780294d02af237c4cae2193a5e41e64
DEBUG: ran git merge 2ab756b3d780294d02af237c4cae2193a5e41e64 in 
DEBUG: LC_ALL=C JX_LOG_LEVEL=error git log --format=%H%x1f%an%x1f%ae%x1f%cn%x1f%ce%x1f%s%n%b%x1e 8846c66a56e695693ff43645521014e00c37b2cd..HEAD
Merged SHA 2ab756b3d780294d02af237c4cae2193a5e41e64 with commit message 'chore: Promote **demo to version 0.0.1' into base branch master

Showing logs for build [32mfaheemjmi-environment-demoeks-p-nvhml-1[0m stage [32mfrom-build-pack[0m and container [32mstep-build-helm-build[0m
WARNING: No $CHART_REPOSITORY defined so using the default value of: http://jenkins-x-chartmuseum:8080
Adding missing Helm repo: storage.googleapis.com https://storage.googleapis.com/chartmuseum.jenkins-x.io
Successfully added Helm repository storage.googleapis.com.
Adding missing Helm repo: jenkins-x-chartmuseum http://jenkins-x-chartmuseum:8080
Successfully added Helm repository jenkins-x-chartmuseum.
WARNING: No $CHART_REPOSITORY defined so using the default value of: http://jenkins-x-chartmuseum:8080
Adding missing Helm repo: chartmuseum.jenkins-x.io http://chartmuseum.jenkins-x.io
Successfully added Helm repository chartmuseum.jenkins-x.io.
