
Showing logs for build [32mfaheemjmi-environment-demoeks-p-tz45v-1[0m stage [32mfrom-build-pack[0m and container [32mstep-credential-initializer-v95z6[0m
{"level":"info","ts":1590763837.8471167,"logger":"fallback-logger","caller":"logging/config.go:69","msg":"Fetch GitHub commit ID from kodata failed: open /var/run/ko/refs/heads/0.8.0-ns-support: no such file or directory"}
{"level":"info","ts":1590763837.8486938,"logger":"fallback-logger","caller":"creds-init/main.go:40","msg":"Credentials initialized."}

Showing logs for build [32mfaheemjmi-environment-demoeks-p-tz45v-1[0m stage [32mfrom-build-pack[0m and container [32mstep-working-dir-initializer-zjm58[0m
{"level":"info","ts":1590763838.7893493,"logger":"fallback-logger","caller":"logging/config.go:69","msg":"Fetch GitHub commit ID from kodata failed: open /var/run/ko/HEAD: no such file or directory"}
{"level":"info","ts":1590763838.7914944,"logger":"fallback-logger","caller":"bash/main.go:64","msg":"Successfully executed command \"sh -c mkdir -p /workspace/source\"; output "}

Showing logs for build [32mfaheemjmi-environment-demoeks-p-tz45v-1[0m stage [32mfrom-build-pack[0m and container [32mstep-place-tools[0m

Showing logs for build [32mfaheemjmi-environment-demoeks-p-tz45v-1[0m stage [32mfrom-build-pack[0m and container [32mstep-git-source-faheemjmi-environment-demoeks-p-tz45v-q87f6[0m
{"level":"info","ts":1590763842.950525,"logger":"fallback-logger","caller":"logging/config.go:69","msg":"Fetch GitHub commit ID from kodata failed: open /var/run/ko/refs/heads/0.8.0-ns-support: no such file or directory"}
{"level":"info","ts":1590763843.4053488,"logger":"fallback-logger","caller":"git/git.go:103","msg":"Successfully cloned https://github.com/*********/environment-demoeks-production.git @ master in path /workspace/source"}

Showing logs for build [32mfaheemjmi-environment-demoeks-p-tz45v-1[0m stage [32mfrom-build-pack[0m and container [32mstep-git-merge[0m
Using SHAs from PULL_REFS=master:5e097fc5237280b016f6e97a050c3d385368d041,2:2f8c532398f7fa12f8c3fd852cf37d8da8a2dcd4
DEBUG: LC_ALL=C JX_LOG_LEVEL=error git fetch origin --unshallow 2f8c532398f7fa12f8c3fd852cf37d8da8a2dcd4: 5e097fc5237280b016f6e97a050c3d385368d041:
DEBUG: ran git fetch --unshallow origin 2f8c532398f7fa12f8c3fd852cf37d8da8a2dcd4: 5e097fc5237280b016f6e97a050c3d385368d041: in 
DEBUG: LC_ALL=C JX_LOG_LEVEL=error git branch
DEBUG: JX_LOG_LEVEL=error LC_ALL=C git checkout master
DEBUG: ran git checkout master in 
DEBUG: LC_ALL=C JX_LOG_LEVEL=error git reset --hard 5e097fc5237280b016f6e97a050c3d385368d041
DEBUG: ran git reset --hard 5e097fc5237280b016f6e97a050c3d385368d041 in 
DEBUG: LC_ALL=C JX_LOG_LEVEL=error git clean -fd .
DEBUG: ran clean --force -d . in 
DEBUG: LC_ALL=C JX_LOG_LEVEL=error git merge 2f8c532398f7fa12f8c3fd852cf37d8da8a2dcd4
DEBUG: ran git merge 2f8c532398f7fa12f8c3fd852cf37d8da8a2dcd4 in 
DEBUG: LC_ALL=C JX_LOG_LEVEL=error git log --format=%H%x1f%an%x1f%ae%x1f%cn%x1f%ce%x1f%s%n%b%x1e 5e097fc5237280b016f6e97a050c3d385368d041..HEAD
Merged SHA 2f8c532398f7fa12f8c3fd852cf37d8da8a2dcd4 with commit message 'The command `** delete application` was run by root and it generated this Pull Request' into base branch master

Showing logs for build [32mfaheemjmi-environment-demoeks-p-tz45v-1[0m stage [32mfrom-build-pack[0m and container [32mstep-build-helm-build[0m
WARNING: No $CHART_REPOSITORY defined so using the default value of: http://jenkins-x-chartmuseum:8080
Adding missing Helm repo: storage.googleapis.com https://storage.googleapis.com/chartmuseum.jenkins-x.io
Successfully added Helm repository storage.googleapis.com.
Adding missing Helm repo: jenkins-x-chartmuseum http://jenkins-x-chartmuseum:8080
Successfully added Helm repository jenkins-x-chartmuseum.
WARNING: No $CHART_REPOSITORY defined so using the default value of: http://jenkins-x-chartmuseum:8080
Adding missing Helm repo: chartmuseum.jenkins-x.io http://chartmuseum.jenkins-x.io
Successfully added Helm repository chartmuseum.jenkins-x.io.
