
Showing logs for build [32mfaheemjmi-environment-demoeks-p-k25lf-1[0m stage [32mfrom-build-pack[0m and container [32mstep-credential-initializer-4crr5[0m
{"level":"info","ts":1591096479.4388342,"logger":"fallback-logger","caller":"logging/config.go:69","msg":"Fetch GitHub commit ID from kodata failed: open /var/run/ko/refs/heads/0.8.0-ns-support: no such file or directory"}
{"level":"info","ts":1591096479.439098,"logger":"fallback-logger","caller":"creds-init/main.go:40","msg":"Credentials initialized."}

Showing logs for build [32mfaheemjmi-environment-demoeks-p-k25lf-1[0m stage [32mfrom-build-pack[0m and container [32mstep-working-dir-initializer-v5th8[0m
{"level":"info","ts":1591096479.7749355,"logger":"fallback-logger","caller":"logging/config.go:69","msg":"Fetch GitHub commit ID from kodata failed: open /var/run/ko/HEAD: no such file or directory"}
{"level":"info","ts":1591096479.775744,"logger":"fallback-logger","caller":"bash/main.go:64","msg":"Successfully executed command \"sh -c mkdir -p /workspace/source\"; output "}

Showing logs for build [32mfaheemjmi-environment-demoeks-p-k25lf-1[0m stage [32mfrom-build-pack[0m and container [32mstep-place-tools[0m

Showing logs for build [32mfaheemjmi-environment-demoeks-p-k25lf-1[0m stage [32mfrom-build-pack[0m and container [32mstep-git-source-faheemjmi-environment-demoeks-p-k25lf-zl7zr[0m
{"level":"info","ts":1591096482.833575,"logger":"fallback-logger","caller":"logging/config.go:69","msg":"Fetch GitHub commit ID from kodata failed: open /var/run/ko/refs/heads/0.8.0-ns-support: no such file or directory"}
{"level":"info","ts":1591096483.2809193,"logger":"fallback-logger","caller":"git/git.go:103","msg":"Successfully cloned https://github.com/*********/environment-demoeks-production.git @ master in path /workspace/source"}

Showing logs for build [32mfaheemjmi-environment-demoeks-p-k25lf-1[0m stage [32mfrom-build-pack[0m and container [32mstep-git-merge[0m
Using SHAs from PULL_REFS=master:2f053368d0ebbf32050ec2ce0fc4e529d6947553,4:374b23b108e7b88dad550eebddd9a692e4bc3bdb
DEBUG: LC_ALL=C JX_LOG_LEVEL=error git fetch origin --unshallow 374b23b108e7b88dad550eebddd9a692e4bc3bdb: 2f053368d0ebbf32050ec2ce0fc4e529d6947553:
DEBUG: ran git fetch --unshallow origin 374b23b108e7b88dad550eebddd9a692e4bc3bdb: 2f053368d0ebbf32050ec2ce0fc4e529d6947553: in 
DEBUG: LC_ALL=C JX_LOG_LEVEL=error git branch
DEBUG: LC_ALL=C JX_LOG_LEVEL=error git checkout master
DEBUG: ran git checkout master in 
DEBUG: LC_ALL=C JX_LOG_LEVEL=error git reset --hard 2f053368d0ebbf32050ec2ce0fc4e529d6947553
DEBUG: ran git reset --hard 2f053368d0ebbf32050ec2ce0fc4e529d6947553 in 
DEBUG: LC_ALL=C JX_LOG_LEVEL=error git clean -fd .
DEBUG: ran clean --force -d . in 
DEBUG: LC_ALL=C JX_LOG_LEVEL=error git merge 374b23b108e7b88dad550eebddd9a692e4bc3bdb
DEBUG: ran git merge 374b23b108e7b88dad550eebddd9a692e4bc3bdb in 
DEBUG: LC_ALL=C JX_LOG_LEVEL=error git log --format=%H%x1f%an%x1f%ae%x1f%cn%x1f%ce%x1f%s%n%b%x1e 2f053368d0ebbf32050ec2ce0fc4e529d6947553..HEAD
Merged SHA 374b23b108e7b88dad550eebddd9a692e4bc3bdb with commit message 'The command `** delete application` was run by root and it generated this Pull Request' into base branch master

Showing logs for build [32mfaheemjmi-environment-demoeks-p-k25lf-1[0m stage [32mfrom-build-pack[0m and container [32mstep-build-helm-build[0m
WARNING: No $CHART_REPOSITORY defined so using the default value of: http://jenkins-x-chartmuseum:8080
Adding missing Helm repo: storage.googleapis.com https://storage.googleapis.com/chartmuseum.jenkins-x.io
Successfully added Helm repository storage.googleapis.com.
Adding missing Helm repo: jenkins-x-chartmuseum http://jenkins-x-chartmuseum:8080
Successfully added Helm repository jenkins-x-chartmuseum.
WARNING: No $CHART_REPOSITORY defined so using the default value of: http://jenkins-x-chartmuseum:8080
Adding missing Helm repo: chartmuseum.jenkins-x.io http://chartmuseum.jenkins-x.io
Successfully added Helm repository chartmuseum.jenkins-x.io.
